<?xml version="1.0" encoding="UTF-8"?>
<testsuite name="RunCukes" time="2.357" tests="40" errors="0" skipped="7" failures="0">
  <properties>
    <property name="java.runtime.name" value="Java(TM) SE Runtime Environment"/>
    <property name="sun.boot.library.path" value="/Library/Java/JavaVirtualMachines/jdk1.8.0_60.jdk/Contents/Home/jre/lib"/>
    <property name="java.vm.version" value="25.60-b23"/>
    <property name="user.country.format" value="IE"/>
    <property name="gopherProxySet" value="false"/>
    <property name="java.vm.vendor" value="Oracle Corporation"/>
    <property name="maven.multiModuleProjectDirectory" value="/Users/vijayapalkayyam/AD/televisions"/>
    <property name="java.vendor.url" value="http://java.oracle.com/"/>
    <property name="path.separator" value=":"/>
    <property name="guice.disable.misplaced.annotation.check" value="true"/>
    <property name="java.vm.name" value="Java HotSpot(TM) 64-Bit Server VM"/>
    <property name="file.encoding.pkg" value="sun.io"/>
    <property name="user.country" value="US"/>
    <property name="sun.java.launcher" value="SUN_STANDARD"/>
    <property name="sun.os.patch.level" value="unknown"/>
    <property name="java.vm.specification.name" value="Java Virtual Machine Specification"/>
    <property name="user.dir" value="/Users/vijayapalkayyam/AD/televisions"/>
    <property name="java.runtime.version" value="1.8.0_60-b27"/>
    <property name="java.awt.graphicsenv" value="sun.awt.CGraphicsEnvironment"/>
    <property name="java.endorsed.dirs" value="/Library/Java/JavaVirtualMachines/jdk1.8.0_60.jdk/Contents/Home/jre/lib/endorsed"/>
    <property name="os.arch" value="x86_64"/>
    <property name="java.io.tmpdir" value="/var/folders/yw/n4cpgnjn3vx6c3gqvb40nkq40000gn/T/"/>
    <property name="line.separator" value="&#10;"/>
    <property name="java.vm.specification.vendor" value="Oracle Corporation"/>
    <property name="os.name" value="Mac OS X"/>
    <property name="classworlds.conf" value="/usr/local/Cellar/maven/3.3.9/libexec/bin/m2.conf"/>
    <property name="sun.jnu.encoding" value="UTF-8"/>
    <property name="java.library.path" value="/Users/vijayapalkayyam/Library/Java/Extensions:/Library/Java/Extensions:/Network/Library/Java/Extensions:/System/Library/Java/Extensions:/usr/lib/java:."/>
    <property name="java.specification.name" value="Java Platform API Specification"/>
    <property name="java.class.version" value="52.0"/>
    <property name="sun.management.compiler" value="HotSpot 64-Bit Tiered Compilers"/>
    <property name="os.version" value="10.11.6"/>
    <property name="http.nonProxyHosts" value="local|*.local|169.254/16|*.169.254/16"/>
    <property name="user.home" value="/Users/vijayapalkayyam"/>
    <property name="user.timezone" value="Europe/London"/>
    <property name="java.awt.printerjob" value="sun.lwawt.macosx.CPrinterJob"/>
    <property name="java.specification.version" value="1.8"/>
    <property name="file.encoding" value="UTF-8"/>
    <property name="user.name" value="vijayapalkayyam"/>
    <property name="java.class.path" value="/usr/local/Cellar/maven/3.3.9/libexec/boot/plexus-classworlds-2.5.2.jar"/>
    <property name="java.vm.specification.version" value="1.8"/>
    <property name="sun.arch.data.model" value="64"/>
    <property name="java.home" value="/Library/Java/JavaVirtualMachines/jdk1.8.0_60.jdk/Contents/Home/jre"/>
    <property name="sun.java.command" value="org.codehaus.plexus.classworlds.launcher.Launcher clean install"/>
    <property name="java.specification.vendor" value="Oracle Corporation"/>
    <property name="user.language" value="en"/>
    <property name="awt.toolkit" value="sun.lwawt.macosx.LWCToolkit"/>
    <property name="java.vm.info" value="mixed mode"/>
    <property name="java.version" value="1.8.0_60"/>
    <property name="java.ext.dirs" value="/Users/vijayapalkayyam/Library/Java/Extensions:/Library/Java/JavaVirtualMachines/jdk1.8.0_60.jdk/Contents/Home/jre/lib/ext:/Library/Java/Extensions:/Network/Library/Java/Extensions:/System/Library/Java/Extensions:/usr/lib/java"/>
    <property name="sun.boot.class.path" value="/Library/Java/JavaVirtualMachines/jdk1.8.0_60.jdk/Contents/Home/jre/lib/resources.jar:/Library/Java/JavaVirtualMachines/jdk1.8.0_60.jdk/Contents/Home/jre/lib/rt.jar:/Library/Java/JavaVirtualMachines/jdk1.8.0_60.jdk/Contents/Home/jre/lib/sunrsasign.jar:/Library/Java/JavaVirtualMachines/jdk1.8.0_60.jdk/Contents/Home/jre/lib/jsse.jar:/Library/Java/JavaVirtualMachines/jdk1.8.0_60.jdk/Contents/Home/jre/lib/jce.jar:/Library/Java/JavaVirtualMachines/jdk1.8.0_60.jdk/Contents/Home/jre/lib/charsets.jar:/Library/Java/JavaVirtualMachines/jdk1.8.0_60.jdk/Contents/Home/jre/lib/jfr.jar:/Library/Java/JavaVirtualMachines/jdk1.8.0_60.jdk/Contents/Home/jre/classes"/>
    <property name="java.vendor" value="Oracle Corporation"/>
    <property name="maven.home" value="/usr/local/Cellar/maven/3.3.9/libexec"/>
    <property name="file.separator" value="/"/>
    <property name="java.vendor.url.bug" value="http://bugreport.sun.com/bugreport/"/>
    <property name="sun.cpu.endian" value="little"/>
    <property name="sun.io.unicode.encoding" value="UnicodeBig"/>
    <property name="socksNonProxyHosts" value="local|*.local|169.254/16|*.169.254/16"/>
    <property name="ftp.nonProxyHosts" value="local|*.local|169.254/16|*.169.254/16"/>
    <property name="sun.cpu.isalist" value=""/>
  </properties>
  <testcase name="Given I am on television landing page" classname="Scenario: Verify I can only add maximum 4 tv’s for comparison" time="0.002"/>
  <testcase name="And I have at least 5 televisions listed" classname="Scenario: Verify I can only add maximum 4 tv’s for comparison" time="0"/>
  <testcase name="And I have added 4 televisions to comparison" classname="Scenario: Verify I can only add maximum 4 tv’s for comparison" time="0"/>
  <testcase name="When I attempt to add an another one" classname="Scenario: Verify I can only add maximum 4 tv’s for comparison" time="0"/>
  <testcase name="Then I should see &quot;You already have 4 products for comparison&quot;" classname="Scenario: Verify I can only add maximum 4 tv’s for comparison" time="0"/>
  <testcase name="Scenario: Verify I can only add maximum 4 tv’s for comparison" classname="Scenario: Verify I can only add maximum 4 tv’s for comparison" time="1.36"/>
  <testcase name="Given I am on television landing page" classname="| samsung |" time="0"/>
  <testcase name="When I filter for &quot;samsung&quot;" classname="| samsung |" time="0"/>
  <testcase name="Then I should only see &quot;samsung&quot; televisions" classname="| samsung |" time="0"/>
  <testcase name="| samsung |" classname="| samsung |" time="0.151"/>
  <testcase name="Given I am on television landing page" classname="| sony |" time="0"/>
  <testcase name="When I filter for &quot;sony&quot;" classname="| sony |" time="0"/>
  <testcase name="Then I should only see &quot;sony&quot; televisions" classname="| sony |" time="0"/>
  <testcase name="| sony |" classname="| sony |" time="0.218"/>
  <testcase name="Given I am on television landing page" classname="Scenario: Verify ClearAll button clears the filters" time="0"/>
  <testcase name="And I note televisions count" classname="Scenario: Verify ClearAll button clears the filters" time="0"/>
  <testcase name="When I filter for &quot;samsung&quot;" classname="Scenario: Verify ClearAll button clears the filters" time="0"/>
  <testcase name="Then it filters" classname="Scenario: Verify ClearAll button clears the filters" time="0"/>
  <testcase name="When I clearAll the filter" classname="Scenario: Verify ClearAll button clears the filters" time="0"/>
  <testcase name="Then I should see original television count" classname="Scenario: Verify ClearAll button clears the filters" time="0"/>
  <testcase name="Scenario: Verify ClearAll button clears the filters" classname="Scenario: Verify ClearAll button clears the filters" time="0.209"/>
  <testcase name="Given I am on television landing page" classname="Scenario: Verify sort works for price low to high" time="0"/>
  <testcase name="When I sort &quot;Price (low to high)&quot;" classname="Scenario: Verify sort works for price low to high" time="0"/>
  <testcase name="Then I should see televisions sorted from low to high" classname="Scenario: Verify sort works for price low to high" time="0"/>
  <testcase name="Scenario: Verify sort works for price low to high" classname="Scenario: Verify sort works for price low to high" time="0.203"/>
  <testcase name="Given I am on television landing page" classname="Scenario: Verify default sort of Most-recently tested first" time="0"/>
  <testcase name="Then I should see &quot;Most-recently tested&quot; selected by default" classname="Scenario: Verify default sort of Most-recently tested first" time="0"/>
  <testcase name="And I should see the lastly tested televisions first" classname="Scenario: Verify default sort of Most-recently tested first" time="0.001"/>
  <testcase name="Scenario: Verify default sort of Most-recently tested first" classname="Scenario: Verify default sort of Most-recently tested first" time="0.212"/>
  <testcase name="Given I am on television landing page" classname="Scenario: Verify multiple filters" time="0.001"/>
  <testcase name="And I filter for “samsung”" classname="Scenario: Verify multiple filters" time="0">
    <skipped/>
    <system-out><![CDATA[
  Background:                             &amp#27;[90m# features/televisions.feature:3&amp#27;[0m
    &amp#27;[32mGiven &amp#27;[0m&amp#27;[32mI am on television landing page&amp#27;[0m &amp#27;[90m# MyStepdefs.iAmOnTelevisionLandingPage()&amp#27;[0m
]]></system-out>
  </testcase>
  <testcase name="And I filter for “Full HD”" classname="Scenario: Verify multiple filters" time="0">
    <skipped/>
  </testcase>
  <testcase name="Then I should see only samsung Full HD televisions" classname="Scenario: Verify multiple filters" time="0">
    <skipped/>
  </testcase>
  <testcase name="Scenario: Verify multiple filters" classname="Scenario: Verify multiple filters" time="0">
    <skipped/>
    <system-err><![CDATA[1494770768296	Marionette	INFO	New connections will no longer be accepted
]]></system-err>
  </testcase>
  <testcase name="Scenario: Verify multiple filters" classname="Scenario: Verify multiple filters" time="0.189"/>
  <testcase name="Given I am on television landing page" classname="Scenario: Show More button shows all available filter options" time="0"/>
  <testcase name="And I click on “Show more” under “Brands”" classname="Scenario: Show More button shows all available filter options" time="0">
    <skipped/>
    <system-out><![CDATA[
  Background:                             &amp#27;[90m# features/televisions.feature:3&amp#27;[0m
    &amp#27;[32mGiven &amp#27;[0m&amp#27;[32mI am on television landing page&amp#27;[0m &amp#27;[90m# MyStepdefs.iAmOnTelevisionLandingPage()&amp#27;[0m
]]></system-out>
  </testcase>
  <testcase name="Then I should see all the brands for filtering" classname="Scenario: Show More button shows all available filter options" time="0">
    <skipped/>
  </testcase>
  <testcase name="Scenario: Show More button shows all available filter options" classname="Scenario: Show More button shows all available filter options" time="0">
    <skipped/>
    <system-err><![CDATA[1494770778043	Marionette	INFO	New connections will no longer be accepted
]]></system-err>
  </testcase>
  <testcase name="Scenario: Show More button shows all available filter options" classname="Scenario: Show More button shows all available filter options" time="0.217"/>
</testsuite>